{"C:\\projeto_final_node\\sistema-controle-estoque\\app.js": {"path":"C:\\projeto_final_node\\sistema-controle-estoque\\app.js","statementMap":{"0":{"start":{"line":2,"column":0},"end":{"line":2,"column":27}},"1":{"start":{"line":3,"column":16},"end":{"line":3,"column":34}},"2":{"start":{"line":4,"column":29},"end":{"line":4,"column":51}},"3":{"start":{"line":5,"column":13},"end":{"line":5,"column":37}},"4":{"start":{"line":6,"column":16},"end":{"line":6,"column":43}},"5":{"start":{"line":7,"column":22},"end":{"line":7,"column":55}},"6":{"start":{"line":8,"column":15},"end":{"line":8,"column":41}},"7":{"start":{"line":10,"column":19},"end":{"line":10,"column":49}},"8":{"start":{"line":11,"column":22},"end":{"line":11,"column":55}},"9":{"start":{"line":12,"column":20},"end":{"line":12,"column":51}},"10":{"start":{"line":13,"column":21},"end":{"line":13,"column":53}},"11":{"start":{"line":15,"column":12},"end":{"line":15,"column":21}},"12":{"start":{"line":16,"column":13},"end":{"line":16,"column":37}},"13":{"start":{"line":18,"column":0},"end":{"line":18,"column":24}},"14":{"start":{"line":21,"column":4},"end":{"line":21,"column":29}},"15":{"start":{"line":22,"column":4},"end":{"line":22,"column":29}},"16":{"start":{"line":23,"column":4},"end":{"line":23,"column":32}},"17":{"start":{"line":24,"column":4},"end":{"line":24,"column":38}},"18":{"start":{"line":27,"column":4},"end":{"line":29,"column":7}},"19":{"start":{"line":28,"column":8},"end":{"line":28,"column":57}},"20":{"start":{"line":32,"column":0},"end":{"line":32,"column":16}},"21":{"start":{"line":35,"column":0},"end":{"line":37,"column":3}},"22":{"start":{"line":36,"column":4},"end":{"line":36,"column":56}},"23":{"start":{"line":40,"column":0},"end":{"line":40,"column":33}},"24":{"start":{"line":43,"column":0},"end":{"line":43,"column":40}},"25":{"start":{"line":46,"column":0},"end":{"line":46,"column":35}},"26":{"start":{"line":49,"column":0},"end":{"line":49,"column":38}},"27":{"start":{"line":51,"column":45},"end":{"line":51,"column":83}},"28":{"start":{"line":52,"column":0},"end":{"line":54,"column":3}},"29":{"start":{"line":53,"column":4},"end":{"line":53,"column":81}},"30":{"start":{"line":56,"column":0},"end":{"line":56,"column":21}}},"fnMap":{"0":{"name":"initializeApp","decl":{"start":{"line":20,"column":15},"end":{"line":20,"column":28}},"loc":{"start":{"line":20,"column":31},"end":{"line":30,"column":1}},"line":20},"1":{"name":"(anonymous_1)","decl":{"start":{"line":27,"column":21},"end":{"line":27,"column":22}},"loc":{"start":{"line":27,"column":27},"end":{"line":29,"column":5}},"line":27},"2":{"name":"(anonymous_2)","decl":{"start":{"line":35,"column":13},"end":{"line":35,"column":14}},"loc":{"start":{"line":35,"column":27},"end":{"line":37,"column":1}},"line":35},"3":{"name":"(anonymous_3)","decl":{"start":{"line":52,"column":72},"end":{"line":52,"column":73}},"loc":{"start":{"line":52,"column":86},"end":{"line":54,"column":1}},"line":52}},"branchMap":{"0":{"loc":{"start":{"line":16,"column":13},"end":{"line":16,"column":37}},"type":"binary-expr","locations":[{"start":{"line":16,"column":13},"end":{"line":16,"column":29}},{"start":{"line":16,"column":33},"end":{"line":16,"column":37}}],"line":16}},"s":{"0":4,"1":4,"2":4,"3":4,"4":4,"5":4,"6":4,"7":4,"8":4,"9":4,"10":4,"11":4,"12":4,"13":4,"14":4,"15":4,"16":4,"17":4,"18":3,"19":3,"20":4,"21":4,"22":0,"23":4,"24":4,"25":4,"26":4,"27":4,"28":4,"29":1,"30":4},"f":{"0":4,"1":3,"2":0,"3":1},"b":{"0":[4,0]},"_coverageSchema":"1a1c01bbd47fc00a2c39e90264f33305004495a9","hash":"6b8606fa14b5ee9d27caf07aa1acbf75ef2a0b88"}
,"C:\\projeto_final_node\\sistema-controle-estoque\\config\\db.js": {"path":"C:\\projeto_final_node\\sistema-controle-estoque\\config\\db.js","statementMap":{"0":{"start":{"line":2,"column":14},"end":{"line":2,"column":39}},"1":{"start":{"line":4,"column":13},"end":{"line":12,"column":2}},"2":{"start":{"line":15,"column":4},"end":{"line":22,"column":5}},"3":{"start":{"line":16,"column":27},"end":{"line":16,"column":53}},"4":{"start":{"line":17,"column":8},"end":{"line":17,"column":84}},"5":{"start":{"line":18,"column":8},"end":{"line":18,"column":29}},"6":{"start":{"line":20,"column":8},"end":{"line":20,"column":80}},"7":{"start":{"line":21,"column":8},"end":{"line":21,"column":24}},"8":{"start":{"line":25,"column":0},"end":{"line":28,"column":2}}},"fnMap":{"0":{"name":"testDbConnection","decl":{"start":{"line":14,"column":15},"end":{"line":14,"column":31}},"loc":{"start":{"line":14,"column":34},"end":{"line":23,"column":1}},"line":14}},"branchMap":{},"s":{"0":4,"1":4,"2":4,"3":4,"4":4,"5":4,"6":0,"7":0,"8":4},"f":{"0":4},"b":{},"_coverageSchema":"1a1c01bbd47fc00a2c39e90264f33305004495a9","hash":"daaf39f64884e56eabcd7bdf078a8a021cff4528"}
,"C:\\projeto_final_node\\sistema-controle-estoque\\controllers\\authController.js": {"path":"C:\\projeto_final_node\\sistema-controle-estoque\\controllers\\authController.js","statementMap":{"0":{"start":{"line":2,"column":13},"end":{"line":2,"column":38}},"1":{"start":{"line":3,"column":15},"end":{"line":3,"column":34}},"2":{"start":{"line":4,"column":12},"end":{"line":4,"column":35}},"3":{"start":{"line":6,"column":0},"end":{"line":22,"column":2}},"4":{"start":{"line":7,"column":41},"end":{"line":7,"column":49}},"5":{"start":{"line":9,"column":4},"end":{"line":11,"column":5}},"6":{"start":{"line":10,"column":8},"end":{"line":10,"column":94}},"7":{"start":{"line":13,"column":4},"end":{"line":21,"column":5}},"8":{"start":{"line":14,"column":24},"end":{"line":14,"column":67}},"9":{"start":{"line":15,"column":8},"end":{"line":15,"column":151}},"10":{"start":{"line":17,"column":8},"end":{"line":19,"column":9}},"11":{"start":{"line":18,"column":12},"end":{"line":18,"column":68}},"12":{"start":{"line":20,"column":8},"end":{"line":20,"column":94}},"13":{"start":{"line":24,"column":0},"end":{"line":56,"column":2}},"14":{"start":{"line":25,"column":35},"end":{"line":25,"column":43}},"15":{"start":{"line":27,"column":4},"end":{"line":29,"column":5}},"16":{"start":{"line":28,"column":8},"end":{"line":28,"column":94}},"17":{"start":{"line":31,"column":4},"end":{"line":55,"column":5}},"18":{"start":{"line":32,"column":21},"end":{"line":32,"column":56}},"19":{"start":{"line":34,"column":8},"end":{"line":36,"column":9}},"20":{"start":{"line":35,"column":12},"end":{"line":35,"column":79}},"21":{"start":{"line":38,"column":24},"end":{"line":38,"column":69}},"22":{"start":{"line":40,"column":8},"end":{"line":42,"column":9}},"23":{"start":{"line":41,"column":12},"end":{"line":41,"column":79}},"24":{"start":{"line":45,"column":22},"end":{"line":49,"column":9}},"25":{"start":{"line":51,"column":8},"end":{"line":51,"column":81}},"26":{"start":{"line":54,"column":8},"end":{"line":54,"column":91}}},"fnMap":{"0":{"name":"(anonymous_0)","decl":{"start":{"line":6,"column":19},"end":{"line":6,"column":20}},"loc":{"start":{"line":6,"column":39},"end":{"line":22,"column":1}},"line":6},"1":{"name":"(anonymous_1)","decl":{"start":{"line":24,"column":16},"end":{"line":24,"column":17}},"loc":{"start":{"line":24,"column":36},"end":{"line":56,"column":1}},"line":24}},"branchMap":{"0":{"loc":{"start":{"line":9,"column":4},"end":{"line":11,"column":5}},"type":"if","locations":[{"start":{"line":9,"column":4},"end":{"line":11,"column":5}},{"start":{},"end":{}}],"line":9},"1":{"loc":{"start":{"line":9,"column":8},"end":{"line":9,"column":30}},"type":"binary-expr","locations":[{"start":{"line":9,"column":8},"end":{"line":9,"column":17}},{"start":{"line":9,"column":21},"end":{"line":9,"column":30}}],"line":9},"2":{"loc":{"start":{"line":17,"column":8},"end":{"line":19,"column":9}},"type":"if","locations":[{"start":{"line":17,"column":8},"end":{"line":19,"column":9}},{"start":{},"end":{}}],"line":17},"3":{"loc":{"start":{"line":27,"column":4},"end":{"line":29,"column":5}},"type":"if","locations":[{"start":{"line":27,"column":4},"end":{"line":29,"column":5}},{"start":{},"end":{}}],"line":27},"4":{"loc":{"start":{"line":27,"column":8},"end":{"line":27,"column":30}},"type":"binary-expr","locations":[{"start":{"line":27,"column":8},"end":{"line":27,"column":17}},{"start":{"line":27,"column":21},"end":{"line":27,"column":30}}],"line":27},"5":{"loc":{"start":{"line":34,"column":8},"end":{"line":36,"column":9}},"type":"if","locations":[{"start":{"line":34,"column":8},"end":{"line":36,"column":9}},{"start":{},"end":{}}],"line":34},"6":{"loc":{"start":{"line":40,"column":8},"end":{"line":42,"column":9}},"type":"if","locations":[{"start":{"line":40,"column":8},"end":{"line":42,"column":9}},{"start":{},"end":{}}],"line":40}},"s":{"0":4,"1":4,"2":4,"3":4,"4":9,"5":9,"6":0,"7":9,"8":9,"9":8,"10":1,"11":1,"12":0,"13":4,"14":10,"15":10,"16":0,"17":10,"18":10,"19":10,"20":0,"21":10,"22":10,"23":1,"24":9,"25":9,"26":0},"f":{"0":9,"1":10},"b":{"0":[0,9],"1":[9,9],"2":[1,0],"3":[0,10],"4":[10,10],"5":[0,10],"6":[1,9]},"_coverageSchema":"1a1c01bbd47fc00a2c39e90264f33305004495a9","hash":"c493118d66f9b927b4915f915a7f126a36cb7cc1"}
,"C:\\projeto_final_node\\sistema-controle-estoque\\controllers\\productController.js": {"path":"C:\\projeto_final_node\\sistema-controle-estoque\\controllers\\productController.js","statementMap":{"0":{"start":{"line":2,"column":16},"end":{"line":2,"column":44}},"1":{"start":{"line":4,"column":0},"end":{"line":23,"column":2}},"2":{"start":{"line":5,"column":48},"end":{"line":5,"column":56}},"3":{"start":{"line":7,"column":4},"end":{"line":9,"column":5}},"4":{"start":{"line":8,"column":8},"end":{"line":8,"column":123}},"5":{"start":{"line":10,"column":4},"end":{"line":12,"column":5}},"6":{"start":{"line":11,"column":8},"end":{"line":11,"column":100}},"7":{"start":{"line":14,"column":4},"end":{"line":22,"column":5}},"8":{"start":{"line":15,"column":27},"end":{"line":15,"column":80}},"9":{"start":{"line":16,"column":8},"end":{"line":16,"column":98}},"10":{"start":{"line":18,"column":8},"end":{"line":20,"column":9}},"11":{"start":{"line":19,"column":12},"end":{"line":19,"column":68}},"12":{"start":{"line":21,"column":8},"end":{"line":21,"column":94}},"13":{"start":{"line":25,"column":0},"end":{"line":32,"column":2}},"14":{"start":{"line":26,"column":4},"end":{"line":31,"column":5}},"15":{"start":{"line":27,"column":25},"end":{"line":27,"column":48}},"16":{"start":{"line":28,"column":8},"end":{"line":28,"column":39}},"17":{"start":{"line":30,"column":8},"end":{"line":30,"column":92}},"18":{"start":{"line":34,"column":0},"end":{"line":45,"column":2}},"19":{"start":{"line":35,"column":19},"end":{"line":35,"column":29}},"20":{"start":{"line":36,"column":4},"end":{"line":44,"column":5}},"21":{"start":{"line":37,"column":24},"end":{"line":37,"column":50}},"22":{"start":{"line":38,"column":8},"end":{"line":40,"column":9}},"23":{"start":{"line":39,"column":12},"end":{"line":39,"column":80}},"24":{"start":{"line":41,"column":8},"end":{"line":41,"column":38}},"25":{"start":{"line":43,"column":8},"end":{"line":43,"column":91}},"26":{"start":{"line":47,"column":0},"end":{"line":70,"column":2}},"27":{"start":{"line":48,"column":19},"end":{"line":48,"column":29}},"28":{"start":{"line":49,"column":48},"end":{"line":49,"column":56}},"29":{"start":{"line":51,"column":4},"end":{"line":53,"column":5}},"30":{"start":{"line":52,"column":8},"end":{"line":52,"column":123}},"31":{"start":{"line":54,"column":4},"end":{"line":56,"column":5}},"32":{"start":{"line":55,"column":8},"end":{"line":55,"column":100}},"33":{"start":{"line":58,"column":4},"end":{"line":69,"column":5}},"34":{"start":{"line":59,"column":31},"end":{"line":59,"column":88}},"35":{"start":{"line":60,"column":8},"end":{"line":60,"column":102}},"36":{"start":{"line":62,"column":8},"end":{"line":64,"column":9}},"37":{"start":{"line":63,"column":12},"end":{"line":63,"column":68}},"38":{"start":{"line":65,"column":8},"end":{"line":67,"column":9}},"39":{"start":{"line":66,"column":12},"end":{"line":66,"column":68}},"40":{"start":{"line":68,"column":8},"end":{"line":68,"column":94}},"41":{"start":{"line":72,"column":0},"end":{"line":83,"column":2}},"42":{"start":{"line":73,"column":19},"end":{"line":73,"column":29}},"43":{"start":{"line":74,"column":4},"end":{"line":82,"column":5}},"44":{"start":{"line":75,"column":8},"end":{"line":75,"column":33}},"45":{"start":{"line":76,"column":8},"end":{"line":76,"column":75}},"46":{"start":{"line":78,"column":8},"end":{"line":80,"column":9}},"47":{"start":{"line":79,"column":12},"end":{"line":79,"column":68}},"48":{"start":{"line":81,"column":8},"end":{"line":81,"column":92}}},"fnMap":{"0":{"name":"(anonymous_0)","decl":{"start":{"line":4,"column":24},"end":{"line":4,"column":25}},"loc":{"start":{"line":4,"column":44},"end":{"line":23,"column":1}},"line":4},"1":{"name":"(anonymous_1)","decl":{"start":{"line":25,"column":22},"end":{"line":25,"column":23}},"loc":{"start":{"line":25,"column":42},"end":{"line":32,"column":1}},"line":25},"2":{"name":"(anonymous_2)","decl":{"start":{"line":34,"column":25},"end":{"line":34,"column":26}},"loc":{"start":{"line":34,"column":45},"end":{"line":45,"column":1}},"line":34},"3":{"name":"(anonymous_3)","decl":{"start":{"line":47,"column":24},"end":{"line":47,"column":25}},"loc":{"start":{"line":47,"column":44},"end":{"line":70,"column":1}},"line":47},"4":{"name":"(anonymous_4)","decl":{"start":{"line":72,"column":24},"end":{"line":72,"column":25}},"loc":{"start":{"line":72,"column":44},"end":{"line":83,"column":1}},"line":72}},"branchMap":{"0":{"loc":{"start":{"line":7,"column":4},"end":{"line":9,"column":5}},"type":"if","locations":[{"start":{"line":7,"column":4},"end":{"line":9,"column":5}},{"start":{},"end":{}}],"line":7},"1":{"loc":{"start":{"line":7,"column":8},"end":{"line":7,"column":75}},"type":"binary-expr","locations":[{"start":{"line":7,"column":8},"end":{"line":7,"column":13}},{"start":{"line":7,"column":17},"end":{"line":7,"column":39}},{"start":{"line":7,"column":43},"end":{"line":7,"column":62}},{"start":{"line":7,"column":66},"end":{"line":7,"column":75}}],"line":7},"2":{"loc":{"start":{"line":10,"column":4},"end":{"line":12,"column":5}},"type":"if","locations":[{"start":{"line":10,"column":4},"end":{"line":12,"column":5}},{"start":{},"end":{}}],"line":10},"3":{"loc":{"start":{"line":10,"column":8},"end":{"line":10,"column":33}},"type":"binary-expr","locations":[{"start":{"line":10,"column":8},"end":{"line":10,"column":20}},{"start":{"line":10,"column":24},"end":{"line":10,"column":33}}],"line":10},"4":{"loc":{"start":{"line":18,"column":8},"end":{"line":20,"column":9}},"type":"if","locations":[{"start":{"line":18,"column":8},"end":{"line":20,"column":9}},{"start":{},"end":{}}],"line":18},"5":{"loc":{"start":{"line":38,"column":8},"end":{"line":40,"column":9}},"type":"if","locations":[{"start":{"line":38,"column":8},"end":{"line":40,"column":9}},{"start":{},"end":{}}],"line":38},"6":{"loc":{"start":{"line":51,"column":4},"end":{"line":53,"column":5}},"type":"if","locations":[{"start":{"line":51,"column":4},"end":{"line":53,"column":5}},{"start":{},"end":{}}],"line":51},"7":{"loc":{"start":{"line":51,"column":8},"end":{"line":51,"column":75}},"type":"binary-expr","locations":[{"start":{"line":51,"column":8},"end":{"line":51,"column":13}},{"start":{"line":51,"column":17},"end":{"line":51,"column":39}},{"start":{"line":51,"column":43},"end":{"line":51,"column":62}},{"start":{"line":51,"column":66},"end":{"line":51,"column":75}}],"line":51},"8":{"loc":{"start":{"line":54,"column":4},"end":{"line":56,"column":5}},"type":"if","locations":[{"start":{"line":54,"column":4},"end":{"line":56,"column":5}},{"start":{},"end":{}}],"line":54},"9":{"loc":{"start":{"line":54,"column":8},"end":{"line":54,"column":33}},"type":"binary-expr","locations":[{"start":{"line":54,"column":8},"end":{"line":54,"column":20}},{"start":{"line":54,"column":24},"end":{"line":54,"column":33}}],"line":54},"10":{"loc":{"start":{"line":62,"column":8},"end":{"line":64,"column":9}},"type":"if","locations":[{"start":{"line":62,"column":8},"end":{"line":64,"column":9}},{"start":{},"end":{}}],"line":62},"11":{"loc":{"start":{"line":65,"column":8},"end":{"line":67,"column":9}},"type":"if","locations":[{"start":{"line":65,"column":8},"end":{"line":67,"column":9}},{"start":{},"end":{}}],"line":65},"12":{"loc":{"start":{"line":78,"column":8},"end":{"line":80,"column":9}},"type":"if","locations":[{"start":{"line":78,"column":8},"end":{"line":80,"column":9}},{"start":{},"end":{}}],"line":78}},"s":{"0":4,"1":4,"2":7,"3":7,"4":0,"5":7,"6":0,"7":7,"8":7,"9":6,"10":1,"11":1,"12":0,"13":4,"14":1,"15":1,"16":1,"17":0,"18":4,"19":3,"20":3,"21":3,"22":3,"23":2,"24":1,"25":0,"26":4,"27":1,"28":1,"29":1,"30":0,"31":1,"32":0,"33":1,"34":1,"35":1,"36":0,"37":0,"38":0,"39":0,"40":0,"41":4,"42":1,"43":1,"44":1,"45":1,"46":0,"47":0,"48":0},"f":{"0":7,"1":1,"2":3,"3":1,"4":1},"b":{"0":[0,7],"1":[7,7,7,7],"2":[0,7],"3":[7,7],"4":[1,0],"5":[2,1],"6":[0,1],"7":[1,1,1,1],"8":[0,1],"9":[1,1],"10":[0,0],"11":[0,0],"12":[0,0]},"_coverageSchema":"1a1c01bbd47fc00a2c39e90264f33305004495a9","hash":"8a562c270ef9b8cfe018548e206abc37bc8eb6a9"}
,"C:\\projeto_final_node\\sistema-controle-estoque\\controllers\\reportController.js": {"path":"C:\\projeto_final_node\\sistema-controle-estoque\\controllers\\reportController.js","statementMap":{"0":{"start":{"line":2,"column":15},"end":{"line":2,"column":42}},"1":{"start":{"line":4,"column":0},"end":{"line":14,"column":2}},"2":{"start":{"line":5,"column":4},"end":{"line":13,"column":5}},"3":{"start":{"line":6,"column":25},"end":{"line":6,"column":59}},"4":{"start":{"line":7,"column":8},"end":{"line":10,"column":11}},"5":{"start":{"line":12,"column":8},"end":{"line":12,"column":118}},"6":{"start":{"line":16,"column":0},"end":{"line":29,"column":2}},"7":{"start":{"line":18,"column":22},"end":{"line":18,"column":57}},"8":{"start":{"line":20,"column":4},"end":{"line":28,"column":5}},"9":{"start":{"line":21,"column":25},"end":{"line":21,"column":68}},"10":{"start":{"line":22,"column":8},"end":{"line":25,"column":11}},"11":{"start":{"line":27,"column":8},"end":{"line":27,"column":122}}},"fnMap":{"0":{"name":"(anonymous_0)","decl":{"start":{"line":4,"column":36},"end":{"line":4,"column":37}},"loc":{"start":{"line":4,"column":56},"end":{"line":14,"column":1}},"line":4},"1":{"name":"(anonymous_1)","decl":{"start":{"line":16,"column":36},"end":{"line":16,"column":37}},"loc":{"start":{"line":16,"column":56},"end":{"line":29,"column":1}},"line":16}},"branchMap":{"0":{"loc":{"start":{"line":18,"column":22},"end":{"line":18,"column":57}},"type":"binary-expr","locations":[{"start":{"line":18,"column":22},"end":{"line":18,"column":51}},{"start":{"line":18,"column":55},"end":{"line":18,"column":57}}],"line":18}},"s":{"0":4,"1":4,"2":0,"3":0,"4":0,"5":0,"6":4,"7":0,"8":0,"9":0,"10":0,"11":0},"f":{"0":0,"1":0},"b":{"0":[0,0]},"_coverageSchema":"1a1c01bbd47fc00a2c39e90264f33305004495a9","hash":"2a9edfca7523120a21d4b7a89c10ae662fe10952"}
,"C:\\projeto_final_node\\sistema-controle-estoque\\controllers\\stockController.js": {"path":"C:\\projeto_final_node\\sistema-controle-estoque\\controllers\\stockController.js","statementMap":{"0":{"start":{"line":2,"column":16},"end":{"line":2,"column":44}},"1":{"start":{"line":3,"column":22},"end":{"line":3,"column":56}},"2":{"start":{"line":6,"column":0},"end":{"line":38,"column":2}},"3":{"start":{"line":7,"column":42},"end":{"line":7,"column":50}},"4":{"start":{"line":8,"column":19},"end":{"line":8,"column":30}},"5":{"start":{"line":10,"column":4},"end":{"line":12,"column":5}},"6":{"start":{"line":11,"column":8},"end":{"line":11,"column":128}},"7":{"start":{"line":14,"column":4},"end":{"line":37,"column":5}},"8":{"start":{"line":15,"column":24},"end":{"line":15,"column":57}},"9":{"start":{"line":16,"column":8},"end":{"line":18,"column":9}},"10":{"start":{"line":17,"column":12},"end":{"line":17,"column":80}},"11":{"start":{"line":20,"column":26},"end":{"line":20,"column":42}},"12":{"start":{"line":21,"column":8},"end":{"line":28,"column":9}},"13":{"start":{"line":22,"column":12},"end":{"line":22,"column":54}},"14":{"start":{"line":23,"column":15},"end":{"line":28,"column":9}},"15":{"start":{"line":24,"column":12},"end":{"line":26,"column":13}},"16":{"start":{"line":25,"column":16},"end":{"line":25,"column":112}},"17":{"start":{"line":27,"column":12},"end":{"line":27,"column":54}},"18":{"start":{"line":30,"column":8},"end":{"line":30,"column":61}},"19":{"start":{"line":31,"column":8},"end":{"line":31,"column":70}},"20":{"start":{"line":33,"column":8},"end":{"line":33,"column":195}},"21":{"start":{"line":35,"column":8},"end":{"line":35,"column":61}},"22":{"start":{"line":36,"column":8},"end":{"line":36,"column":107}},"23":{"start":{"line":42,"column":0},"end":{"line":65,"column":2}},"24":{"start":{"line":43,"column":36},"end":{"line":43,"column":44}},"25":{"start":{"line":44,"column":19},"end":{"line":44,"column":30}},"26":{"start":{"line":46,"column":4},"end":{"line":48,"column":5}},"27":{"start":{"line":47,"column":8},"end":{"line":47,"column":119}},"28":{"start":{"line":50,"column":4},"end":{"line":64,"column":5}},"29":{"start":{"line":51,"column":24},"end":{"line":51,"column":57}},"30":{"start":{"line":52,"column":8},"end":{"line":54,"column":9}},"31":{"start":{"line":53,"column":12},"end":{"line":53,"column":80}},"32":{"start":{"line":56,"column":28},"end":{"line":56,"column":55}},"33":{"start":{"line":57,"column":8},"end":{"line":57,"column":61}},"34":{"start":{"line":58,"column":8},"end":{"line":58,"column":75}},"35":{"start":{"line":60,"column":8},"end":{"line":60,"column":227}},"36":{"start":{"line":62,"column":8},"end":{"line":62,"column":70}},"37":{"start":{"line":63,"column":8},"end":{"line":63,"column":105}},"38":{"start":{"line":68,"column":0},"end":{"line":95,"column":2}},"39":{"start":{"line":69,"column":36},"end":{"line":69,"column":44}},"40":{"start":{"line":70,"column":19},"end":{"line":70,"column":30}},"41":{"start":{"line":72,"column":4},"end":{"line":74,"column":5}},"42":{"start":{"line":73,"column":8},"end":{"line":73,"column":117}},"43":{"start":{"line":76,"column":4},"end":{"line":94,"column":5}},"44":{"start":{"line":77,"column":24},"end":{"line":77,"column":57}},"45":{"start":{"line":78,"column":8},"end":{"line":80,"column":9}},"46":{"start":{"line":79,"column":12},"end":{"line":79,"column":80}},"47":{"start":{"line":82,"column":8},"end":{"line":84,"column":9}},"48":{"start":{"line":83,"column":12},"end":{"line":83,"column":108}},"49":{"start":{"line":86,"column":28},"end":{"line":86,"column":55}},"50":{"start":{"line":87,"column":8},"end":{"line":87,"column":61}},"51":{"start":{"line":88,"column":8},"end":{"line":88,"column":73}},"52":{"start":{"line":90,"column":8},"end":{"line":90,"column":225}},"53":{"start":{"line":92,"column":8},"end":{"line":92,"column":68}},"54":{"start":{"line":93,"column":8},"end":{"line":93,"column":103}},"55":{"start":{"line":99,"column":0},"end":{"line":115,"column":2}},"56":{"start":{"line":100,"column":26},"end":{"line":100,"column":36}},"57":{"start":{"line":101,"column":4},"end":{"line":114,"column":5}},"58":{"start":{"line":102,"column":24},"end":{"line":102,"column":57}},"59":{"start":{"line":103,"column":8},"end":{"line":105,"column":9}},"60":{"start":{"line":104,"column":12},"end":{"line":104,"column":80}},"61":{"start":{"line":106,"column":8},"end":{"line":110,"column":11}},"62":{"start":{"line":112,"column":8},"end":{"line":112,"column":69}},"63":{"start":{"line":113,"column":8},"end":{"line":113,"column":104}},"64":{"start":{"line":119,"column":0},"end":{"line":139,"column":2}},"65":{"start":{"line":120,"column":26},"end":{"line":120,"column":36}},"66":{"start":{"line":122,"column":4},"end":{"line":138,"column":5}},"67":{"start":{"line":123,"column":24},"end":{"line":123,"column":57}},"68":{"start":{"line":124,"column":8},"end":{"line":126,"column":9}},"69":{"start":{"line":125,"column":12},"end":{"line":125,"column":80}},"70":{"start":{"line":129,"column":24},"end":{"line":129,"column":73}},"71":{"start":{"line":130,"column":8},"end":{"line":134,"column":11}},"72":{"start":{"line":136,"column":8},"end":{"line":136,"column":83}},"73":{"start":{"line":137,"column":8},"end":{"line":137,"column":118}}},"fnMap":{"0":{"name":"(anonymous_0)","decl":{"start":{"line":6,"column":30},"end":{"line":6,"column":31}},"loc":{"start":{"line":6,"column":50},"end":{"line":38,"column":1}},"line":6},"1":{"name":"(anonymous_1)","decl":{"start":{"line":42,"column":24},"end":{"line":42,"column":25}},"loc":{"start":{"line":42,"column":44},"end":{"line":65,"column":1}},"line":42},"2":{"name":"(anonymous_2)","decl":{"start":{"line":68,"column":23},"end":{"line":68,"column":24}},"loc":{"start":{"line":68,"column":43},"end":{"line":95,"column":1}},"line":68},"3":{"name":"(anonymous_3)","decl":{"start":{"line":99,"column":29},"end":{"line":99,"column":30}},"loc":{"start":{"line":99,"column":49},"end":{"line":115,"column":1}},"line":99},"4":{"name":"(anonymous_4)","decl":{"start":{"line":119,"column":36},"end":{"line":119,"column":37}},"loc":{"start":{"line":119,"column":56},"end":{"line":139,"column":1}},"line":119}},"branchMap":{"0":{"loc":{"start":{"line":10,"column":4},"end":{"line":12,"column":5}},"type":"if","locations":[{"start":{"line":10,"column":4},"end":{"line":12,"column":5}},{"start":{},"end":{}}],"line":10},"1":{"loc":{"start":{"line":10,"column":8},"end":{"line":10,"column":101}},"type":"binary-expr","locations":[{"start":{"line":10,"column":8},"end":{"line":10,"column":18}},{"start":{"line":10,"column":22},"end":{"line":10,"column":44}},{"start":{"line":10,"column":48},"end":{"line":10,"column":61}},{"start":{"line":10,"column":65},"end":{"line":10,"column":101}}],"line":10},"2":{"loc":{"start":{"line":16,"column":8},"end":{"line":18,"column":9}},"type":"if","locations":[{"start":{"line":16,"column":8},"end":{"line":18,"column":9}},{"start":{},"end":{}}],"line":16},"3":{"loc":{"start":{"line":21,"column":8},"end":{"line":28,"column":9}},"type":"if","locations":[{"start":{"line":21,"column":8},"end":{"line":28,"column":9}},{"start":{"line":23,"column":15},"end":{"line":28,"column":9}}],"line":21},"4":{"loc":{"start":{"line":23,"column":15},"end":{"line":28,"column":9}},"type":"if","locations":[{"start":{"line":23,"column":15},"end":{"line":28,"column":9}},{"start":{},"end":{}}],"line":23},"5":{"loc":{"start":{"line":24,"column":12},"end":{"line":26,"column":13}},"type":"if","locations":[{"start":{"line":24,"column":12},"end":{"line":26,"column":13}},{"start":{},"end":{}}],"line":24},"6":{"loc":{"start":{"line":46,"column":4},"end":{"line":48,"column":5}},"type":"if","locations":[{"start":{"line":46,"column":4},"end":{"line":48,"column":5}},{"start":{},"end":{}}],"line":46},"7":{"loc":{"start":{"line":46,"column":8},"end":{"line":46,"column":61}},"type":"binary-expr","locations":[{"start":{"line":46,"column":8},"end":{"line":46,"column":18}},{"start":{"line":46,"column":22},"end":{"line":46,"column":44}},{"start":{"line":46,"column":48},"end":{"line":46,"column":61}}],"line":46},"8":{"loc":{"start":{"line":52,"column":8},"end":{"line":54,"column":9}},"type":"if","locations":[{"start":{"line":52,"column":8},"end":{"line":54,"column":9}},{"start":{},"end":{}}],"line":52},"9":{"loc":{"start":{"line":72,"column":4},"end":{"line":74,"column":5}},"type":"if","locations":[{"start":{"line":72,"column":4},"end":{"line":74,"column":5}},{"start":{},"end":{}}],"line":72},"10":{"loc":{"start":{"line":72,"column":8},"end":{"line":72,"column":61}},"type":"binary-expr","locations":[{"start":{"line":72,"column":8},"end":{"line":72,"column":18}},{"start":{"line":72,"column":22},"end":{"line":72,"column":44}},{"start":{"line":72,"column":48},"end":{"line":72,"column":61}}],"line":72},"11":{"loc":{"start":{"line":78,"column":8},"end":{"line":80,"column":9}},"type":"if","locations":[{"start":{"line":78,"column":8},"end":{"line":80,"column":9}},{"start":{},"end":{}}],"line":78},"12":{"loc":{"start":{"line":82,"column":8},"end":{"line":84,"column":9}},"type":"if","locations":[{"start":{"line":82,"column":8},"end":{"line":84,"column":9}},{"start":{},"end":{}}],"line":82},"13":{"loc":{"start":{"line":103,"column":8},"end":{"line":105,"column":9}},"type":"if","locations":[{"start":{"line":103,"column":8},"end":{"line":105,"column":9}},{"start":{},"end":{}}],"line":103},"14":{"loc":{"start":{"line":124,"column":8},"end":{"line":126,"column":9}},"type":"if","locations":[{"start":{"line":124,"column":8},"end":{"line":126,"column":9}},{"start":{},"end":{}}],"line":124}},"s":{"0":4,"1":4,"2":4,"3":0,"4":0,"5":0,"6":0,"7":0,"8":0,"9":0,"10":0,"11":0,"12":0,"13":0,"14":0,"15":0,"16":0,"17":0,"18":0,"19":0,"20":0,"21":0,"22":0,"23":4,"24":2,"25":2,"26":2,"27":0,"28":2,"29":2,"30":2,"31":0,"32":2,"33":2,"34":2,"35":2,"36":0,"37":0,"38":4,"39":7,"40":7,"41":7,"42":0,"43":7,"44":7,"45":7,"46":0,"47":7,"48":1,"49":6,"50":6,"51":6,"52":6,"53":0,"54":0,"55":4,"56":3,"57":3,"58":3,"59":3,"60":1,"61":2,"62":0,"63":0,"64":4,"65":3,"66":3,"67":3,"68":3,"69":1,"70":2,"71":2,"72":0,"73":0},"f":{"0":0,"1":2,"2":7,"3":3,"4":3},"b":{"0":[0,0],"1":[0,0,0,0],"2":[0,0],"3":[0,0],"4":[0,0],"5":[0,0],"6":[0,2],"7":[2,2,2],"8":[0,2],"9":[0,7],"10":[7,7,7],"11":[0,7],"12":[1,6],"13":[1,2],"14":[1,2]},"_coverageSchema":"1a1c01bbd47fc00a2c39e90264f33305004495a9","hash":"bce372cbaf0951ea00c21f29e1507a56f082c450"}
,"C:\\projeto_final_node\\sistema-controle-estoque\\middleware\\authMiddleware.js": {"path":"C:\\projeto_final_node\\sistema-controle-estoque\\middleware\\authMiddleware.js","statementMap":{"0":{"start":{"line":2,"column":12},"end":{"line":2,"column":35}},"1":{"start":{"line":4,"column":0},"end":{"line":25,"column":2}},"2":{"start":{"line":6,"column":23},"end":{"line":6,"column":51}},"3":{"start":{"line":7,"column":18},"end":{"line":7,"column":56}},"4":{"start":{"line":9,"column":4},"end":{"line":11,"column":5}},"5":{"start":{"line":10,"column":8},"end":{"line":10,"column":73}},"6":{"start":{"line":13,"column":4},"end":{"line":24,"column":7}},"7":{"start":{"line":14,"column":8},"end":{"line":21,"column":9}},"8":{"start":{"line":15,"column":12},"end":{"line":15,"column":64}},"9":{"start":{"line":17,"column":12},"end":{"line":19,"column":13}},"10":{"start":{"line":18,"column":16},"end":{"line":18,"column":76}},"11":{"start":{"line":20,"column":12},"end":{"line":20,"column":72}},"12":{"start":{"line":22,"column":8},"end":{"line":22,"column":24}},"13":{"start":{"line":23,"column":8},"end":{"line":23,"column":15}},"14":{"start":{"line":27,"column":0},"end":{"line":37,"column":2}},"15":{"start":{"line":28,"column":4},"end":{"line":36,"column":6}},"16":{"start":{"line":29,"column":8},"end":{"line":31,"column":9}},"17":{"start":{"line":30,"column":12},"end":{"line":30,"column":101}},"18":{"start":{"line":32,"column":8},"end":{"line":34,"column":9}},"19":{"start":{"line":33,"column":12},"end":{"line":33,"column":110}},"20":{"start":{"line":35,"column":8},"end":{"line":35,"column":15}}},"fnMap":{"0":{"name":"(anonymous_0)","decl":{"start":{"line":4,"column":28},"end":{"line":4,"column":29}},"loc":{"start":{"line":4,"column":48},"end":{"line":25,"column":1}},"line":4},"1":{"name":"(anonymous_1)","decl":{"start":{"line":13,"column":46},"end":{"line":13,"column":47}},"loc":{"start":{"line":13,"column":61},"end":{"line":24,"column":5}},"line":13},"2":{"name":"(anonymous_2)","decl":{"start":{"line":27,"column":24},"end":{"line":27,"column":25}},"loc":{"start":{"line":27,"column":35},"end":{"line":37,"column":1}},"line":27},"3":{"name":"(anonymous_3)","decl":{"start":{"line":28,"column":11},"end":{"line":28,"column":12}},"loc":{"start":{"line":28,"column":31},"end":{"line":36,"column":5}},"line":28}},"branchMap":{"0":{"loc":{"start":{"line":7,"column":18},"end":{"line":7,"column":56}},"type":"binary-expr","locations":[{"start":{"line":7,"column":18},"end":{"line":7,"column":28}},{"start":{"line":7,"column":32},"end":{"line":7,"column":56}}],"line":7},"1":{"loc":{"start":{"line":9,"column":4},"end":{"line":11,"column":5}},"type":"if","locations":[{"start":{"line":9,"column":4},"end":{"line":11,"column":5}},{"start":{},"end":{}}],"line":9},"2":{"loc":{"start":{"line":14,"column":8},"end":{"line":21,"column":9}},"type":"if","locations":[{"start":{"line":14,"column":8},"end":{"line":21,"column":9}},{"start":{},"end":{}}],"line":14},"3":{"loc":{"start":{"line":17,"column":12},"end":{"line":19,"column":13}},"type":"if","locations":[{"start":{"line":17,"column":12},"end":{"line":19,"column":13}},{"start":{},"end":{}}],"line":17},"4":{"loc":{"start":{"line":29,"column":8},"end":{"line":31,"column":9}},"type":"if","locations":[{"start":{"line":29,"column":8},"end":{"line":31,"column":9}},{"start":{},"end":{}}],"line":29},"5":{"loc":{"start":{"line":29,"column":12},"end":{"line":29,"column":39}},"type":"binary-expr","locations":[{"start":{"line":29,"column":12},"end":{"line":29,"column":21}},{"start":{"line":29,"column":25},"end":{"line":29,"column":39}}],"line":29},"6":{"loc":{"start":{"line":32,"column":8},"end":{"line":34,"column":9}},"type":"if","locations":[{"start":{"line":32,"column":8},"end":{"line":34,"column":9}},{"start":{},"end":{}}],"line":32}},"s":{"0":4,"1":4,"2":36,"3":36,"4":36,"5":1,"6":35,"7":35,"8":0,"9":0,"10":0,"11":0,"12":35,"13":35,"14":4,"15":36,"16":25,"17":0,"18":25,"19":6,"20":19},"f":{"0":36,"1":35,"2":36,"3":25},"b":{"0":[36,35],"1":[1,35],"2":[0,35],"3":[0,0],"4":[0,25],"5":[25,25],"6":[6,19]},"_coverageSchema":"1a1c01bbd47fc00a2c39e90264f33305004495a9","hash":"d6726101fe1cbb2a22ee7df509d23050c53128d0"}
,"C:\\projeto_final_node\\sistema-controle-estoque\\models\\Product.js": {"path":"C:\\projeto_final_node\\sistema-controle-estoque\\models\\Product.js","statementMap":{"0":{"start":{"line":2,"column":17},"end":{"line":2,"column":40}},"1":{"start":{"line":6,"column":22},"end":{"line":16,"column":9}},"2":{"start":{"line":17,"column":8},"end":{"line":22,"column":9}},"3":{"start":{"line":18,"column":12},"end":{"line":18,"column":38}},"4":{"start":{"line":19,"column":12},"end":{"line":19,"column":69}},"5":{"start":{"line":21,"column":12},"end":{"line":21,"column":75}},"6":{"start":{"line":26,"column":22},"end":{"line":26,"column":98}},"7":{"start":{"line":27,"column":8},"end":{"line":35,"column":9}},"8":{"start":{"line":28,"column":29},"end":{"line":28,"column":89}},"9":{"start":{"line":29,"column":12},"end":{"line":29,"column":76}},"10":{"start":{"line":31,"column":12},"end":{"line":33,"column":13}},"11":{"start":{"line":32,"column":16},"end":{"line":32,"column":68}},"12":{"start":{"line":34,"column":12},"end":{"line":34,"column":69}},"13":{"start":{"line":39,"column":22},"end":{"line":39,"column":46}},"14":{"start":{"line":40,"column":8},"end":{"line":45,"column":9}},"15":{"start":{"line":41,"column":27},"end":{"line":41,"column":52}},"16":{"start":{"line":42,"column":12},"end":{"line":42,"column":24}},"17":{"start":{"line":44,"column":12},"end":{"line":44,"column":71}},"18":{"start":{"line":49,"column":22},"end":{"line":49,"column":59}},"19":{"start":{"line":50,"column":8},"end":{"line":55,"column":9}},"20":{"start":{"line":51,"column":27},"end":{"line":51,"column":58}},"21":{"start":{"line":52,"column":12},"end":{"line":52,"column":27}},"22":{"start":{"line":54,"column":12},"end":{"line":54,"column":77}},"23":{"start":{"line":59,"column":22},"end":{"line":59,"column":104}},"24":{"start":{"line":60,"column":8},"end":{"line":71,"column":9}},"25":{"start":{"line":61,"column":29},"end":{"line":61,"column":93}},"26":{"start":{"line":62,"column":12},"end":{"line":64,"column":13}},"27":{"start":{"line":63,"column":16},"end":{"line":63,"column":76}},"28":{"start":{"line":65,"column":12},"end":{"line":65,"column":59}},"29":{"start":{"line":67,"column":12},"end":{"line":69,"column":13}},"30":{"start":{"line":68,"column":16},"end":{"line":68,"column":74}},"31":{"start":{"line":70,"column":12},"end":{"line":70,"column":73}},"32":{"start":{"line":75,"column":22},"end":{"line":75,"column":57}},"33":{"start":{"line":76,"column":8},"end":{"line":84,"column":9}},"34":{"start":{"line":77,"column":29},"end":{"line":77,"column":60}},"35":{"start":{"line":78,"column":12},"end":{"line":80,"column":13}},"36":{"start":{"line":79,"column":16},"end":{"line":79,"column":73}},"37":{"start":{"line":81,"column":12},"end":{"line":81,"column":64}},"38":{"start":{"line":83,"column":12},"end":{"line":83,"column":71}},"39":{"start":{"line":87,"column":22},"end":{"line":87,"column":69}},"40":{"start":{"line":88,"column":8},"end":{"line":96,"column":9}},"41":{"start":{"line":89,"column":29},"end":{"line":89,"column":80}},"42":{"start":{"line":90,"column":12},"end":{"line":92,"column":13}},"43":{"start":{"line":91,"column":16},"end":{"line":91,"column":90}},"44":{"start":{"line":93,"column":12},"end":{"line":93,"column":80}},"45":{"start":{"line":95,"column":12},"end":{"line":95,"column":87}},"46":{"start":{"line":100,"column":0},"end":{"line":100,"column":25}}},"fnMap":{"0":{"name":"(anonymous_0)","decl":{"start":{"line":5,"column":4},"end":{"line":5,"column":5}},"loc":{"start":{"line":5,"column":31},"end":{"line":23,"column":5}},"line":5},"1":{"name":"(anonymous_1)","decl":{"start":{"line":25,"column":4},"end":{"line":25,"column":5}},"loc":{"start":{"line":25,"column":57},"end":{"line":36,"column":5}},"line":25},"2":{"name":"(anonymous_2)","decl":{"start":{"line":38,"column":4},"end":{"line":38,"column":5}},"loc":{"start":{"line":38,"column":27},"end":{"line":46,"column":5}},"line":38},"3":{"name":"(anonymous_3)","decl":{"start":{"line":48,"column":4},"end":{"line":48,"column":5}},"loc":{"start":{"line":48,"column":30},"end":{"line":56,"column":5}},"line":48},"4":{"name":"(anonymous_4)","decl":{"start":{"line":58,"column":4},"end":{"line":58,"column":5}},"loc":{"start":{"line":58,"column":61},"end":{"line":72,"column":5}},"line":58},"5":{"name":"(anonymous_5)","decl":{"start":{"line":74,"column":4},"end":{"line":74,"column":5}},"loc":{"start":{"line":74,"column":28},"end":{"line":85,"column":5}},"line":74},"6":{"name":"(anonymous_6)","decl":{"start":{"line":86,"column":4},"end":{"line":86,"column":5}},"loc":{"start":{"line":86,"column":56},"end":{"line":97,"column":5}},"line":86}},"branchMap":{"0":{"loc":{"start":{"line":31,"column":12},"end":{"line":33,"column":13}},"type":"if","locations":[{"start":{"line":31,"column":12},"end":{"line":33,"column":13}},{"start":{},"end":{}}],"line":31},"1":{"loc":{"start":{"line":62,"column":12},"end":{"line":64,"column":13}},"type":"if","locations":[{"start":{"line":62,"column":12},"end":{"line":64,"column":13}},{"start":{},"end":{}}],"line":62},"2":{"loc":{"start":{"line":67,"column":12},"end":{"line":69,"column":13}},"type":"if","locations":[{"start":{"line":67,"column":12},"end":{"line":69,"column":13}},{"start":{},"end":{}}],"line":67},"3":{"loc":{"start":{"line":78,"column":12},"end":{"line":80,"column":13}},"type":"if","locations":[{"start":{"line":78,"column":12},"end":{"line":80,"column":13}},{"start":{},"end":{}}],"line":78},"4":{"loc":{"start":{"line":90,"column":12},"end":{"line":92,"column":13}},"type":"if","locations":[{"start":{"line":90,"column":12},"end":{"line":92,"column":13}},{"start":{},"end":{}}],"line":90}},"s":{"0":4,"1":8,"2":8,"3":8,"4":8,"5":0,"6":7,"7":7,"8":7,"9":6,"10":1,"11":1,"12":0,"13":1,"14":1,"15":1,"16":1,"17":0,"18":25,"19":25,"20":25,"21":25,"22":0,"23":1,"24":1,"25":1,"26":1,"27":0,"28":1,"29":0,"30":0,"31":0,"32":1,"33":1,"34":1,"35":1,"36":0,"37":1,"38":0,"39":8,"40":8,"41":8,"42":8,"43":0,"44":8,"45":0,"46":4},"f":{"0":8,"1":7,"2":1,"3":25,"4":1,"5":1,"6":8},"b":{"0":[1,0],"1":[0,1],"2":[0,0],"3":[0,1],"4":[0,8]},"_coverageSchema":"1a1c01bbd47fc00a2c39e90264f33305004495a9","hash":"a2b424ade4810ff36bf64a25bc04113e91c8e951"}
,"C:\\projeto_final_node\\sistema-controle-estoque\\models\\Report.js": {"path":"C:\\projeto_final_node\\sistema-controle-estoque\\models\\Report.js","statementMap":{"0":{"start":{"line":2,"column":17},"end":{"line":2,"column":40}},"1":{"start":{"line":6,"column":8},"end":{"line":21,"column":9}},"2":{"start":{"line":7,"column":27},"end":{"line":16,"column":13}},"3":{"start":{"line":17,"column":12},"end":{"line":17,"column":24}},"4":{"start":{"line":19,"column":12},"end":{"line":19,"column":74}},"5":{"start":{"line":20,"column":12},"end":{"line":20,"column":24}},"6":{"start":{"line":25,"column":22},"end":{"line":38,"column":9}},"7":{"start":{"line":39,"column":8},"end":{"line":44,"column":9}},"8":{"start":{"line":40,"column":27},"end":{"line":40,"column":65}},"9":{"start":{"line":41,"column":12},"end":{"line":41,"column":24}},"10":{"start":{"line":43,"column":12},"end":{"line":43,"column":89}},"11":{"start":{"line":48,"column":0},"end":{"line":48,"column":24}}},"fnMap":{"0":{"name":"(anonymous_0)","decl":{"start":{"line":5,"column":4},"end":{"line":5,"column":5}},"loc":{"start":{"line":5,"column":39},"end":{"line":22,"column":5}},"line":5},"1":{"name":"(anonymous_1)","decl":{"start":{"line":24,"column":4},"end":{"line":24,"column":5}},"loc":{"start":{"line":24,"column":53},"end":{"line":45,"column":5}},"line":24}},"branchMap":{"0":{"loc":{"start":{"line":24,"column":37},"end":{"line":24,"column":51}},"type":"default-arg","locations":[{"start":{"line":24,"column":49},"end":{"line":24,"column":51}}],"line":24}},"s":{"0":4,"1":0,"2":0,"3":0,"4":0,"5":0,"6":0,"7":0,"8":0,"9":0,"10":0,"11":4},"f":{"0":0,"1":0},"b":{"0":[0]},"_coverageSchema":"1a1c01bbd47fc00a2c39e90264f33305004495a9","hash":"5d5fd20c639ee9865880334a2769ae97bf8c8b50"}
,"C:\\projeto_final_node\\sistema-controle-estoque\\models\\StockMovement.js": {"path":"C:\\projeto_final_node\\sistema-controle-estoque\\models\\StockMovement.js","statementMap":{"0":{"start":{"line":2,"column":17},"end":{"line":2,"column":40}},"1":{"start":{"line":6,"column":22},"end":{"line":17,"column":9}},"2":{"start":{"line":18,"column":8},"end":{"line":24,"column":9}},"3":{"start":{"line":19,"column":12},"end":{"line":19,"column":38}},"4":{"start":{"line":20,"column":12},"end":{"line":20,"column":76}},"5":{"start":{"line":22,"column":12},"end":{"line":22,"column":82}},"6":{"start":{"line":23,"column":12},"end":{"line":23,"column":86}},"7":{"start":{"line":28,"column":22},"end":{"line":31,"column":9}},"8":{"start":{"line":32,"column":8},"end":{"line":38,"column":9}},"9":{"start":{"line":33,"column":29},"end":{"line":33,"column":91}},"10":{"start":{"line":34,"column":12},"end":{"line":34,"column":26}},"11":{"start":{"line":36,"column":12},"end":{"line":36,"column":93}},"12":{"start":{"line":37,"column":12},"end":{"line":37,"column":86}},"13":{"start":{"line":42,"column":22},"end":{"line":57,"column":9}},"14":{"start":{"line":58,"column":8},"end":{"line":64,"column":9}},"15":{"start":{"line":59,"column":27},"end":{"line":59,"column":65}},"16":{"start":{"line":60,"column":12},"end":{"line":60,"column":24}},"17":{"start":{"line":62,"column":12},"end":{"line":62,"column":93}},"18":{"start":{"line":63,"column":12},"end":{"line":63,"column":86}},"19":{"start":{"line":68,"column":0},"end":{"line":68,"column":31}}},"fnMap":{"0":{"name":"(anonymous_0)","decl":{"start":{"line":5,"column":4},"end":{"line":5,"column":5}},"loc":{"start":{"line":5,"column":31},"end":{"line":25,"column":5}},"line":5},"1":{"name":"(anonymous_1)","decl":{"start":{"line":27,"column":4},"end":{"line":27,"column":5}},"loc":{"start":{"line":27,"column":59},"end":{"line":39,"column":5}},"line":27},"2":{"name":"(anonymous_2)","decl":{"start":{"line":41,"column":4},"end":{"line":41,"column":5}},"loc":{"start":{"line":41,"column":47},"end":{"line":65,"column":5}},"line":41}},"branchMap":{},"s":{"0":4,"1":8,"2":8,"3":8,"4":7,"5":1,"6":1,"7":8,"8":8,"9":8,"10":8,"11":0,"12":0,"13":2,"14":2,"15":2,"16":2,"17":0,"18":0,"19":4},"f":{"0":8,"1":8,"2":2},"b":{},"_coverageSchema":"1a1c01bbd47fc00a2c39e90264f33305004495a9","hash":"0bd530db6841201b2255e75b036de9a691a29db3"}
,"C:\\projeto_final_node\\sistema-controle-estoque\\models\\User.js": {"path":"C:\\projeto_final_node\\sistema-controle-estoque\\models\\User.js","statementMap":{"0":{"start":{"line":2,"column":17},"end":{"line":2,"column":40}},"1":{"start":{"line":3,"column":15},"end":{"line":3,"column":34}},"2":{"start":{"line":7,"column":22},"end":{"line":15,"column":9}},"3":{"start":{"line":16,"column":8},"end":{"line":21,"column":9}},"4":{"start":{"line":17,"column":12},"end":{"line":17,"column":38}},"5":{"start":{"line":18,"column":12},"end":{"line":18,"column":66}},"6":{"start":{"line":20,"column":12},"end":{"line":20,"column":72}},"7":{"start":{"line":25,"column":31},"end":{"line":25,"column":62}},"8":{"start":{"line":26,"column":22},"end":{"line":26,"column":85}},"9":{"start":{"line":27,"column":8},"end":{"line":35,"column":9}},"10":{"start":{"line":28,"column":29},"end":{"line":28,"column":88}},"11":{"start":{"line":29,"column":12},"end":{"line":29,"column":59}},"12":{"start":{"line":31,"column":12},"end":{"line":33,"column":13}},"13":{"start":{"line":32,"column":16},"end":{"line":32,"column":62}},"14":{"start":{"line":34,"column":12},"end":{"line":34,"column":69}},"15":{"start":{"line":39,"column":22},"end":{"line":39,"column":62}},"16":{"start":{"line":40,"column":8},"end":{"line":45,"column":9}},"17":{"start":{"line":41,"column":27},"end":{"line":41,"column":64}},"18":{"start":{"line":42,"column":12},"end":{"line":42,"column":27}},"19":{"start":{"line":44,"column":12},"end":{"line":44,"column":83}},"20":{"start":{"line":51,"column":0},"end":{"line":51,"column":22}}},"fnMap":{"0":{"name":"(anonymous_0)","decl":{"start":{"line":6,"column":4},"end":{"line":6,"column":5}},"loc":{"start":{"line":6,"column":31},"end":{"line":22,"column":5}},"line":6},"1":{"name":"(anonymous_1)","decl":{"start":{"line":24,"column":4},"end":{"line":24,"column":5}},"loc":{"start":{"line":24,"column":59},"end":{"line":36,"column":5}},"line":24},"2":{"name":"(anonymous_2)","decl":{"start":{"line":38,"column":4},"end":{"line":38,"column":5}},"loc":{"start":{"line":38,"column":42},"end":{"line":46,"column":5}},"line":38}},"branchMap":{"0":{"loc":{"start":{"line":24,"column":44},"end":{"line":24,"column":57}},"type":"default-arg","locations":[{"start":{"line":24,"column":51},"end":{"line":24,"column":57}}],"line":24},"1":{"loc":{"start":{"line":31,"column":12},"end":{"line":33,"column":13}},"type":"if","locations":[{"start":{"line":31,"column":12},"end":{"line":33,"column":13}},{"start":{},"end":{}}],"line":31}},"s":{"0":4,"1":4,"2":8,"3":8,"4":8,"5":8,"6":0,"7":9,"8":9,"9":9,"10":9,"11":8,"12":1,"13":1,"14":0,"15":10,"16":10,"17":10,"18":10,"19":0,"20":4},"f":{"0":8,"1":9,"2":10},"b":{"0":[0],"1":[1,0]},"_coverageSchema":"1a1c01bbd47fc00a2c39e90264f33305004495a9","hash":"32880d9f8d4f4e324bdb6bade04a23b225dba4dd"}
,"C:\\projeto_final_node\\sistema-controle-estoque\\routes\\authRoutes.js": {"path":"C:\\projeto_final_node\\sistema-controle-estoque\\routes\\authRoutes.js","statementMap":{"0":{"start":{"line":2,"column":16},"end":{"line":2,"column":34}},"1":{"start":{"line":3,"column":23},"end":{"line":3,"column":63}},"2":{"start":{"line":4,"column":15},"end":{"line":4,"column":31}},"3":{"start":{"line":7,"column":0},"end":{"line":7,"column":50}},"4":{"start":{"line":10,"column":0},"end":{"line":10,"column":44}},"5":{"start":{"line":12,"column":0},"end":{"line":12,"column":24}}},"fnMap":{},"branchMap":{},"s":{"0":4,"1":4,"2":4,"3":4,"4":4,"5":4},"f":{},"b":{},"_coverageSchema":"1a1c01bbd47fc00a2c39e90264f33305004495a9","hash":"9eda8b214a96d80d254dca0aa0c96198f08c35e2"}
,"C:\\projeto_final_node\\sistema-controle-estoque\\routes\\productRoutes.js": {"path":"C:\\projeto_final_node\\sistema-controle-estoque\\routes\\productRoutes.js","statementMap":{"0":{"start":{"line":2,"column":16},"end":{"line":2,"column":34}},"1":{"start":{"line":3,"column":26},"end":{"line":3,"column":69}},"2":{"start":{"line":4,"column":45},"end":{"line":4,"column":84}},"3":{"start":{"line":5,"column":15},"end":{"line":5,"column":31}},"4":{"start":{"line":9,"column":0},"end":{"line":9,"column":95}},"5":{"start":{"line":12,"column":0},"end":{"line":12,"column":66}},"6":{"start":{"line":13,"column":0},"end":{"line":13,"column":72}},"7":{"start":{"line":16,"column":0},"end":{"line":16,"column":97}},"8":{"start":{"line":19,"column":0},"end":{"line":19,"column":100}},"9":{"start":{"line":21,"column":0},"end":{"line":21,"column":24}}},"fnMap":{},"branchMap":{},"s":{"0":4,"1":4,"2":4,"3":4,"4":4,"5":4,"6":4,"7":4,"8":4,"9":4},"f":{},"b":{},"_coverageSchema":"1a1c01bbd47fc00a2c39e90264f33305004495a9","hash":"2ab8995a87c7667b41cf2ff81ad699f6616bf7c2"}
,"C:\\projeto_final_node\\sistema-controle-estoque\\routes\\reportRoutes.js": {"path":"C:\\projeto_final_node\\sistema-controle-estoque\\routes\\reportRoutes.js","statementMap":{"0":{"start":{"line":2,"column":16},"end":{"line":2,"column":34}},"1":{"start":{"line":3,"column":25},"end":{"line":3,"column":67}},"2":{"start":{"line":4,"column":45},"end":{"line":4,"column":84}},"3":{"start":{"line":5,"column":15},"end":{"line":5,"column":31}},"4":{"start":{"line":9,"column":0},"end":{"line":9,"column":114}},"5":{"start":{"line":10,"column":0},"end":{"line":10,"column":114}},"6":{"start":{"line":12,"column":0},"end":{"line":12,"column":24}}},"fnMap":{},"branchMap":{},"s":{"0":4,"1":4,"2":4,"3":4,"4":4,"5":4,"6":4},"f":{},"b":{},"_coverageSchema":"1a1c01bbd47fc00a2c39e90264f33305004495a9","hash":"5425b307a574cdcba5ff03a17d35ea096b757f5f"}
,"C:\\projeto_final_node\\sistema-controle-estoque\\routes\\stockRoutes.js": {"path":"C:\\projeto_final_node\\sistema-controle-estoque\\routes\\stockRoutes.js","statementMap":{"0":{"start":{"line":2,"column":16},"end":{"line":2,"column":34}},"1":{"start":{"line":3,"column":24},"end":{"line":3,"column":65}},"2":{"start":{"line":4,"column":45},"end":{"line":4,"column":84}},"3":{"start":{"line":5,"column":15},"end":{"line":5,"column":31}},"4":{"start":{"line":9,"column":0},"end":{"line":9,"column":107}},"5":{"start":{"line":12,"column":0},"end":{"line":12,"column":98}},"6":{"start":{"line":13,"column":0},"end":{"line":13,"column":96}},"7":{"start":{"line":17,"column":0},"end":{"line":17,"column":81}},"8":{"start":{"line":20,"column":0},"end":{"line":20,"column":96}},"9":{"start":{"line":22,"column":0},"end":{"line":22,"column":24}}},"fnMap":{},"branchMap":{},"s":{"0":4,"1":4,"2":4,"3":4,"4":4,"5":4,"6":4,"7":4,"8":4,"9":4},"f":{},"b":{},"_coverageSchema":"1a1c01bbd47fc00a2c39e90264f33305004495a9","hash":"14c55dfbcb6cdb5e6c900a721f054e6a6fa79bb0"}
}
