TN:
SF:app.js
FN:20,initializeApp
FN:27,(anonymous_1)
FN:35,(anonymous_2)
FN:52,(anonymous_3)
FNF:4
FNH:3
FNDA:4,initializeApp
FNDA:3,(anonymous_1)
FNDA:0,(anonymous_2)
FNDA:1,(anonymous_3)
DA:2,4
DA:3,4
DA:4,4
DA:5,4
DA:6,4
DA:7,4
DA:8,4
DA:10,4
DA:11,4
DA:12,4
DA:13,4
DA:15,4
DA:16,4
DA:18,4
DA:21,4
DA:22,4
DA:23,4
DA:24,4
DA:27,3
DA:28,3
DA:32,4
DA:35,4
DA:36,0
DA:40,4
DA:43,4
DA:46,4
DA:49,4
DA:51,4
DA:52,4
DA:53,1
DA:56,4
LF:31
LH:30
BRDA:16,0,0,4
BRDA:16,0,1,0
BRF:2
BRH:1
end_of_record
TN:
SF:config\db.js
FN:14,testDbConnection
FNF:1
FNH:1
FNDA:4,testDbConnection
DA:2,4
DA:4,4
DA:15,4
DA:16,4
DA:17,4
DA:18,4
DA:20,0
DA:21,0
DA:25,4
LF:9
LH:7
BRF:0
BRH:0
end_of_record
TN:
SF:controllers\authController.js
FN:6,(anonymous_0)
FN:24,(anonymous_1)
FNF:2
FNH:2
FNDA:9,(anonymous_0)
FNDA:10,(anonymous_1)
DA:2,4
DA:3,4
DA:4,4
DA:6,4
DA:7,9
DA:9,9
DA:10,0
DA:13,9
DA:14,9
DA:15,8
DA:17,1
DA:18,1
DA:20,0
DA:24,4
DA:25,10
DA:27,10
DA:28,0
DA:31,10
DA:32,10
DA:34,10
DA:35,0
DA:38,10
DA:40,10
DA:41,1
DA:45,9
DA:51,9
DA:54,0
LF:27
LH:22
BRDA:9,0,0,0
BRDA:9,0,1,9
BRDA:9,1,0,9
BRDA:9,1,1,9
BRDA:17,2,0,1
BRDA:17,2,1,0
BRDA:27,3,0,0
BRDA:27,3,1,10
BRDA:27,4,0,10
BRDA:27,4,1,10
BRDA:34,5,0,0
BRDA:34,5,1,10
BRDA:40,6,0,1
BRDA:40,6,1,9
BRF:14
BRH:10
end_of_record
TN:
SF:controllers\productController.js
FN:4,(anonymous_0)
FN:25,(anonymous_1)
FN:34,(anonymous_2)
FN:47,(anonymous_3)
FN:72,(anonymous_4)
FNF:5
FNH:5
FNDA:7,(anonymous_0)
FNDA:1,(anonymous_1)
FNDA:3,(anonymous_2)
FNDA:1,(anonymous_3)
FNDA:1,(anonymous_4)
DA:2,4
DA:4,4
DA:5,7
DA:7,7
DA:8,0
DA:10,7
DA:11,0
DA:14,7
DA:15,7
DA:16,6
DA:18,1
DA:19,1
DA:21,0
DA:25,4
DA:26,1
DA:27,1
DA:28,1
DA:30,0
DA:34,4
DA:35,3
DA:36,3
DA:37,3
DA:38,3
DA:39,2
DA:41,1
DA:43,0
DA:47,4
DA:48,1
DA:49,1
DA:51,1
DA:52,0
DA:54,1
DA:55,0
DA:58,1
DA:59,1
DA:60,1
DA:62,0
DA:63,0
DA:65,0
DA:66,0
DA:68,0
DA:72,4
DA:73,1
DA:74,1
DA:75,1
DA:76,1
DA:78,0
DA:79,0
DA:81,0
LF:49
LH:34
BRDA:7,0,0,0
BRDA:7,0,1,7
BRDA:7,1,0,7
BRDA:7,1,1,7
BRDA:7,1,2,7
BRDA:7,1,3,7
BRDA:10,2,0,0
BRDA:10,2,1,7
BRDA:10,3,0,7
BRDA:10,3,1,7
BRDA:18,4,0,1
BRDA:18,4,1,0
BRDA:38,5,0,2
BRDA:38,5,1,1
BRDA:51,6,0,0
BRDA:51,6,1,1
BRDA:51,7,0,1
BRDA:51,7,1,1
BRDA:51,7,2,1
BRDA:51,7,3,1
BRDA:54,8,0,0
BRDA:54,8,1,1
BRDA:54,9,0,1
BRDA:54,9,1,1
BRDA:62,10,0,0
BRDA:62,10,1,0
BRDA:65,11,0,0
BRDA:65,11,1,0
BRDA:78,12,0,0
BRDA:78,12,1,0
BRF:30
BRH:19
end_of_record
TN:
SF:controllers\reportController.js
FN:4,(anonymous_0)
FN:16,(anonymous_1)
FNF:2
FNH:0
FNDA:0,(anonymous_0)
FNDA:0,(anonymous_1)
DA:2,4
DA:4,4
DA:5,0
DA:6,0
DA:7,0
DA:12,0
DA:16,4
DA:18,0
DA:20,0
DA:21,0
DA:22,0
DA:27,0
LF:12
LH:3
BRDA:18,0,0,0
BRDA:18,0,1,0
BRF:2
BRH:0
end_of_record
TN:
SF:controllers\stockController.js
FN:6,(anonymous_0)
FN:42,(anonymous_1)
FN:68,(anonymous_2)
FN:99,(anonymous_3)
FN:119,(anonymous_4)
FNF:5
FNH:4
FNDA:0,(anonymous_0)
FNDA:2,(anonymous_1)
FNDA:7,(anonymous_2)
FNDA:3,(anonymous_3)
FNDA:3,(anonymous_4)
DA:2,4
DA:3,4
DA:6,4
DA:7,0
DA:8,0
DA:10,0
DA:11,0
DA:14,0
DA:15,0
DA:16,0
DA:17,0
DA:20,0
DA:21,0
DA:22,0
DA:23,0
DA:24,0
DA:25,0
DA:27,0
DA:30,0
DA:31,0
DA:33,0
DA:35,0
DA:36,0
DA:42,4
DA:43,2
DA:44,2
DA:46,2
DA:47,0
DA:50,2
DA:51,2
DA:52,2
DA:53,0
DA:56,2
DA:57,2
DA:58,2
DA:60,2
DA:62,0
DA:63,0
DA:68,4
DA:69,7
DA:70,7
DA:72,7
DA:73,0
DA:76,7
DA:77,7
DA:78,7
DA:79,0
DA:82,7
DA:83,1
DA:86,6
DA:87,6
DA:88,6
DA:90,6
DA:92,0
DA:93,0
DA:99,4
DA:100,3
DA:101,3
DA:102,3
DA:103,3
DA:104,1
DA:106,2
DA:112,0
DA:113,0
DA:119,4
DA:120,3
DA:122,3
DA:123,3
DA:124,3
DA:125,1
DA:129,2
DA:130,2
DA:136,0
DA:137,0
LF:74
LH:42
BRDA:10,0,0,0
BRDA:10,0,1,0
BRDA:10,1,0,0
BRDA:10,1,1,0
BRDA:10,1,2,0
BRDA:10,1,3,0
BRDA:16,2,0,0
BRDA:16,2,1,0
BRDA:21,3,0,0
BRDA:21,3,1,0
BRDA:23,4,0,0
BRDA:23,4,1,0
BRDA:24,5,0,0
BRDA:24,5,1,0
BRDA:46,6,0,0
BRDA:46,6,1,2
BRDA:46,7,0,2
BRDA:46,7,1,2
BRDA:46,7,2,2
BRDA:52,8,0,0
BRDA:52,8,1,2
BRDA:72,9,0,0
BRDA:72,9,1,7
BRDA:72,10,0,7
BRDA:72,10,1,7
BRDA:72,10,2,7
BRDA:78,11,0,0
BRDA:78,11,1,7
BRDA:82,12,0,1
BRDA:82,12,1,6
BRDA:103,13,0,1
BRDA:103,13,1,2
BRDA:124,14,0,1
BRDA:124,14,1,2
BRF:34
BRH:16
end_of_record
TN:
SF:middleware\authMiddleware.js
FN:4,(anonymous_0)
FN:13,(anonymous_1)
FN:27,(anonymous_2)
FN:28,(anonymous_3)
FNF:4
FNH:4
FNDA:36,(anonymous_0)
FNDA:35,(anonymous_1)
FNDA:36,(anonymous_2)
FNDA:25,(anonymous_3)
DA:2,4
DA:4,4
DA:6,36
DA:7,36
DA:9,36
DA:10,1
DA:13,35
DA:14,35
DA:15,0
DA:17,0
DA:18,0
DA:20,0
DA:22,35
DA:23,35
DA:27,4
DA:28,36
DA:29,25
DA:30,0
DA:32,25
DA:33,6
DA:35,19
LF:21
LH:16
BRDA:7,0,0,36
BRDA:7,0,1,35
BRDA:9,1,0,1
BRDA:9,1,1,35
BRDA:14,2,0,0
BRDA:14,2,1,35
BRDA:17,3,0,0
BRDA:17,3,1,0
BRDA:29,4,0,0
BRDA:29,4,1,25
BRDA:29,5,0,25
BRDA:29,5,1,25
BRDA:32,6,0,6
BRDA:32,6,1,19
BRF:14
BRH:10
end_of_record
TN:
SF:models\Product.js
FN:5,(anonymous_0)
FN:25,(anonymous_1)
FN:38,(anonymous_2)
FN:48,(anonymous_3)
FN:58,(anonymous_4)
FN:74,(anonymous_5)
FN:86,(anonymous_6)
FNF:7
FNH:7
FNDA:8,(anonymous_0)
FNDA:7,(anonymous_1)
FNDA:1,(anonymous_2)
FNDA:25,(anonymous_3)
FNDA:1,(anonymous_4)
FNDA:1,(anonymous_5)
FNDA:8,(anonymous_6)
DA:2,4
DA:6,8
DA:17,8
DA:18,8
DA:19,8
DA:21,0
DA:26,7
DA:27,7
DA:28,7
DA:29,6
DA:31,1
DA:32,1
DA:34,0
DA:39,1
DA:40,1
DA:41,1
DA:42,1
DA:44,0
DA:49,25
DA:50,25
DA:51,25
DA:52,25
DA:54,0
DA:59,1
DA:60,1
DA:61,1
DA:62,1
DA:63,0
DA:65,1
DA:67,0
DA:68,0
DA:70,0
DA:75,1
DA:76,1
DA:77,1
DA:78,1
DA:79,0
DA:81,1
DA:83,0
DA:87,8
DA:88,8
DA:89,8
DA:90,8
DA:91,0
DA:93,8
DA:95,0
DA:100,4
LF:47
LH:35
BRDA:31,0,0,1
BRDA:31,0,1,0
BRDA:62,1,0,0
BRDA:62,1,1,1
BRDA:67,2,0,0
BRDA:67,2,1,0
BRDA:78,3,0,0
BRDA:78,3,1,1
BRDA:90,4,0,0
BRDA:90,4,1,8
BRF:10
BRH:4
end_of_record
TN:
SF:models\Report.js
FN:5,(anonymous_0)
FN:24,(anonymous_1)
FNF:2
FNH:0
FNDA:0,(anonymous_0)
FNDA:0,(anonymous_1)
DA:2,4
DA:6,0
DA:7,0
DA:17,0
DA:19,0
DA:20,0
DA:25,0
DA:39,0
DA:40,0
DA:41,0
DA:43,0
DA:48,4
LF:12
LH:2
BRDA:24,0,0,0
BRF:1
BRH:0
end_of_record
TN:
SF:models\StockMovement.js
FN:5,(anonymous_0)
FN:27,(anonymous_1)
FN:41,(anonymous_2)
FNF:3
FNH:3
FNDA:8,(anonymous_0)
FNDA:8,(anonymous_1)
FNDA:2,(anonymous_2)
DA:2,4
DA:6,8
DA:18,8
DA:19,8
DA:20,7
DA:22,1
DA:23,1
DA:28,8
DA:32,8
DA:33,8
DA:34,8
DA:36,0
DA:37,0
DA:42,2
DA:58,2
DA:59,2
DA:60,2
DA:62,0
DA:63,0
DA:68,4
LF:20
LH:16
BRF:0
BRH:0
end_of_record
TN:
SF:models\User.js
FN:6,(anonymous_0)
FN:24,(anonymous_1)
FN:38,(anonymous_2)
FNF:3
FNH:3
FNDA:8,(anonymous_0)
FNDA:9,(anonymous_1)
FNDA:10,(anonymous_2)
DA:2,4
DA:3,4
DA:7,8
DA:16,8
DA:17,8
DA:18,8
DA:20,0
DA:25,9
DA:26,9
DA:27,9
DA:28,9
DA:29,8
DA:31,1
DA:32,1
DA:34,0
DA:39,10
DA:40,10
DA:41,10
DA:42,10
DA:44,0
DA:51,4
LF:21
LH:18
BRDA:24,0,0,0
BRDA:31,1,0,1
BRDA:31,1,1,0
BRF:3
BRH:1
end_of_record
TN:
SF:routes\authRoutes.js
FNF:0
FNH:0
DA:2,4
DA:3,4
DA:4,4
DA:7,4
DA:10,4
DA:12,4
LF:6
LH:6
BRF:0
BRH:0
end_of_record
TN:
SF:routes\productRoutes.js
FNF:0
FNH:0
DA:2,4
DA:3,4
DA:4,4
DA:5,4
DA:9,4
DA:12,4
DA:13,4
DA:16,4
DA:19,4
DA:21,4
LF:10
LH:10
BRF:0
BRH:0
end_of_record
TN:
SF:routes\reportRoutes.js
FNF:0
FNH:0
DA:2,4
DA:3,4
DA:4,4
DA:5,4
DA:9,4
DA:10,4
DA:12,4
LF:7
LH:7
BRF:0
BRH:0
end_of_record
TN:
SF:routes\stockRoutes.js
FNF:0
FNH:0
DA:2,4
DA:3,4
DA:4,4
DA:5,4
DA:9,4
DA:12,4
DA:13,4
DA:17,4
DA:20,4
DA:22,4
LF:10
LH:10
BRF:0
BRH:0
end_of_record
